2015-09-08 13:28:12,084 WARN org.apache.hadoop.util.NativeCodeLoader: Unable to load native-hadoop library for your platform... using builtin-java classes where applicable
2015-09-08 13:28:12,701 INFO org.apache.hadoop.conf.Configuration.deprecation: session.id is deprecated. Instead, use dfs.metrics.session-id
2015-09-08 13:28:12,703 INFO org.apache.hadoop.metrics.jvm.JvmMetrics: Initializing JVM Metrics with processName=JobTracker, sessionId=
2015-09-08 13:28:13,957 WARN org.apache.hadoop.mapreduce.JobSubmitter: Hadoop command-line option parsing not performed. Implement the Tool interface and execute your application with ToolRunner to remedy this.
2015-09-08 13:28:13,969 WARN org.apache.hadoop.mapreduce.JobSubmitter: No job jar file set.  User classes may not be found. See Job or Job#setJar(String).
2015-09-08 13:28:13,996 INFO org.apache.hadoop.mapreduce.lib.input.FileInputFormat: Total input paths to process : 1
2015-09-08 13:28:14,132 INFO org.apache.hadoop.mapreduce.JobSubmitter: number of splits:1
2015-09-08 13:28:14,651 INFO org.apache.hadoop.mapreduce.JobSubmitter: Submitting tokens for job: job_local642751546_0001
2015-09-08 13:28:15,420 INFO org.apache.hadoop.mapreduce.Job: The url to track the job: http://localhost:8080/
2015-09-08 13:28:15,421 INFO org.apache.hadoop.mapreduce.Job: Running job: job_local642751546_0001
2015-09-08 13:28:15,433 INFO org.apache.hadoop.mapred.LocalJobRunner: OutputCommitter set in config null
2015-09-08 13:28:15,454 INFO org.apache.hadoop.mapreduce.lib.output.FileOutputCommitter: File Output Committer Algorithm version is 1
2015-09-08 13:28:15,463 INFO org.apache.hadoop.mapred.LocalJobRunner: OutputCommitter is org.apache.hadoop.mapreduce.lib.output.FileOutputCommitter
2015-09-08 13:28:15,727 INFO org.apache.hadoop.mapred.LocalJobRunner: Waiting for map tasks
2015-09-08 13:28:15,728 INFO org.apache.hadoop.mapred.LocalJobRunner: Starting task: attempt_local642751546_0001_m_000000_0
2015-09-08 13:28:15,868 INFO org.apache.hadoop.mapreduce.lib.output.FileOutputCommitter: File Output Committer Algorithm version is 1
2015-09-08 13:28:15,950 INFO org.apache.hadoop.mapred.Task:  Using ResourceCalculatorProcessTree : [ ]
2015-09-08 13:28:15,958 INFO org.apache.hadoop.mapred.MapTask: Processing split: file:/home/cloudera/workspace/training/input.txt:0+529
2015-09-08 13:28:16,435 INFO org.apache.hadoop.mapreduce.Job: Job job_local642751546_0001 running in uber mode : false
2015-09-08 13:28:16,437 INFO org.apache.hadoop.mapreduce.Job:  map 0% reduce 0%
2015-09-08 13:28:19,133 INFO org.apache.hadoop.mapred.MapTask: (EQUATOR) 0 kvi 26214396(104857584)
2015-09-08 13:28:19,134 INFO org.apache.hadoop.mapred.MapTask: mapreduce.task.io.sort.mb: 100
2015-09-08 13:28:19,135 INFO org.apache.hadoop.mapred.MapTask: soft limit at 83886080
2015-09-08 13:28:19,136 INFO org.apache.hadoop.mapred.MapTask: bufstart = 0; bufvoid = 104857600
2015-09-08 13:28:19,136 INFO org.apache.hadoop.mapred.MapTask: kvstart = 26214396; length = 6553600
2015-09-08 13:28:19,168 INFO org.apache.hadoop.mapred.MapTask: Map output collector class = org.apache.hadoop.mapred.MapTask$MapOutputBuffer
2015-09-08 13:28:19,203 INFO org.apache.hadoop.mapred.LocalJobRunner: 
2015-09-08 13:28:19,206 INFO org.apache.hadoop.mapred.MapTask: Starting flush of map output
2015-09-08 13:28:19,209 INFO org.apache.hadoop.mapred.MapTask: Spilling map output
2015-09-08 13:28:19,209 INFO org.apache.hadoop.mapred.MapTask: bufstart = 0; bufend = 45; bufvoid = 104857600
2015-09-08 13:28:19,210 INFO org.apache.hadoop.mapred.MapTask: kvstart = 26214396(104857584); kvend = 26214380(104857520); length = 17/6553600
2015-09-08 13:28:19,260 INFO org.apache.hadoop.mapred.MapTask: Finished spill 0
2015-09-08 13:28:19,280 INFO org.apache.hadoop.mapred.Task: Task:attempt_local642751546_0001_m_000000_0 is done. And is in the process of committing
2015-09-08 13:28:19,316 INFO org.apache.hadoop.mapred.LocalJobRunner: map
2015-09-08 13:28:19,321 INFO org.apache.hadoop.mapred.Task: Task 'attempt_local642751546_0001_m_000000_0' done.
2015-09-08 13:28:19,323 INFO org.apache.hadoop.mapred.LocalJobRunner: Finishing task: attempt_local642751546_0001_m_000000_0
2015-09-08 13:28:19,326 INFO org.apache.hadoop.mapred.LocalJobRunner: map task executor complete.
2015-09-08 13:28:19,337 INFO org.apache.hadoop.mapred.LocalJobRunner: Waiting for reduce tasks
2015-09-08 13:28:19,338 INFO org.apache.hadoop.mapred.LocalJobRunner: Starting task: attempt_local642751546_0001_r_000000_0
2015-09-08 13:28:19,380 INFO org.apache.hadoop.mapreduce.lib.output.FileOutputCommitter: File Output Committer Algorithm version is 1
2015-09-08 13:28:19,381 INFO org.apache.hadoop.mapred.Task:  Using ResourceCalculatorProcessTree : [ ]
2015-09-08 13:28:19,406 INFO org.apache.hadoop.mapred.ReduceTask: Using ShuffleConsumerPlugin: org.apache.hadoop.mapreduce.task.reduce.Shuffle@10385cb0
2015-09-08 13:28:19,450 INFO org.apache.hadoop.mapreduce.Job:  map 100% reduce 0%
2015-09-08 13:28:19,504 INFO org.apache.hadoop.mapreduce.task.reduce.MergeManagerImpl: MergerManager: memoryLimit=681154944, maxSingleShuffleLimit=170288736, mergeThreshold=449562272, ioSortFactor=10, memToMemMergeOutputsThreshold=10
2015-09-08 13:28:19,545 INFO org.apache.hadoop.mapreduce.task.reduce.EventFetcher: attempt_local642751546_0001_r_000000_0 Thread started: EventFetcher for fetching Map Completion Events
2015-09-08 13:28:19,705 INFO org.apache.hadoop.mapreduce.task.reduce.LocalFetcher: localfetcher#1 about to shuffle output of map attempt_local642751546_0001_m_000000_0 decomp: 57 len: 61 to MEMORY
2015-09-08 13:28:19,741 INFO org.apache.hadoop.mapreduce.task.reduce.InMemoryMapOutput: Read 57 bytes from map-output for attempt_local642751546_0001_m_000000_0
2015-09-08 13:28:19,890 INFO org.apache.hadoop.mapreduce.task.reduce.MergeManagerImpl: closeInMemoryFile -> map-output of size: 57, inMemoryMapOutputs.size() -> 1, commitMemory -> 0, usedMemory ->57
2015-09-08 13:28:19,905 INFO org.apache.hadoop.mapreduce.task.reduce.EventFetcher: EventFetcher is interrupted.. Returning
2015-09-08 13:28:19,906 INFO org.apache.hadoop.mapred.LocalJobRunner: 1 / 1 copied.
2015-09-08 13:28:19,906 INFO org.apache.hadoop.mapreduce.task.reduce.MergeManagerImpl: finalMerge called with 1 in-memory map-outputs and 0 on-disk map-outputs
2015-09-08 13:28:19,919 INFO org.apache.hadoop.mapred.Merger: Merging 1 sorted segments
2015-09-08 13:28:19,922 INFO org.apache.hadoop.mapred.Merger: Down to the last merge-pass, with 1 segments left of total size: 50 bytes
2015-09-08 13:28:19,925 INFO org.apache.hadoop.mapreduce.task.reduce.MergeManagerImpl: Merged 1 segments, 57 bytes to disk to satisfy reduce memory limit
2015-09-08 13:28:19,926 INFO org.apache.hadoop.mapreduce.task.reduce.MergeManagerImpl: Merging 1 files, 61 bytes from disk
2015-09-08 13:28:19,929 INFO org.apache.hadoop.mapreduce.task.reduce.MergeManagerImpl: Merging 0 segments, 0 bytes from memory into reduce
2015-09-08 13:28:19,933 INFO org.apache.hadoop.mapred.Merger: Merging 1 sorted segments
2015-09-08 13:28:19,934 INFO org.apache.hadoop.mapred.Merger: Down to the last merge-pass, with 1 segments left of total size: 50 bytes
2015-09-08 13:28:19,939 INFO org.apache.hadoop.mapred.LocalJobRunner: 1 / 1 copied.
2015-09-08 13:28:19,963 INFO org.apache.hadoop.conf.Configuration.deprecation: mapred.skip.on is deprecated. Instead, use mapreduce.job.skiprecords
2015-09-08 13:28:19,976 INFO org.apache.hadoop.mapred.Task: Task:attempt_local642751546_0001_r_000000_0 is done. And is in the process of committing
2015-09-08 13:28:19,985 INFO org.apache.hadoop.mapred.LocalJobRunner: 1 / 1 copied.
2015-09-08 13:28:19,985 INFO org.apache.hadoop.mapred.Task: Task attempt_local642751546_0001_r_000000_0 is allowed to commit now
2015-09-08 13:28:19,987 INFO org.apache.hadoop.mapreduce.lib.output.FileOutputCommitter: Saved output of task 'attempt_local642751546_0001_r_000000_0' to file:/home/cloudera/workspace/training/output/_temporary/0/task_local642751546_0001_r_000000
2015-09-08 13:28:19,990 INFO org.apache.hadoop.mapred.LocalJobRunner: reduce > reduce
2015-09-08 13:28:19,995 INFO org.apache.hadoop.mapred.Task: Task 'attempt_local642751546_0001_r_000000_0' done.
2015-09-08 13:28:19,996 INFO org.apache.hadoop.mapred.LocalJobRunner: Finishing task: attempt_local642751546_0001_r_000000_0
2015-09-08 13:28:19,996 INFO org.apache.hadoop.mapred.LocalJobRunner: reduce task executor complete.
2015-09-08 13:28:20,451 INFO org.apache.hadoop.mapreduce.Job:  map 100% reduce 100%
2015-09-08 13:28:20,451 INFO org.apache.hadoop.mapreduce.Job: Job job_local642751546_0001 completed successfully
2015-09-08 13:28:20,474 INFO org.apache.hadoop.mapreduce.Job: Counters: 33
	File System Counters
		FILE: Number of bytes read=1550
		FILE: Number of bytes written=518542
		FILE: Number of read operations=0
		FILE: Number of large read operations=0
		FILE: Number of write operations=0
	Map-Reduce Framework
		Map input records=5
		Map output records=5
		Map output bytes=45
		Map output materialized bytes=61
		Input split bytes=113
		Combine input records=0
		Combine output records=0
		Reduce input groups=2
		Reduce shuffle bytes=61
		Reduce input records=5
		Reduce output records=2
		Spilled Records=10
		Shuffled Maps =1
		Failed Shuffles=0
		Merged Map outputs=1
		GC time elapsed (ms)=131
		CPU time spent (ms)=0
		Physical memory (bytes) snapshot=0
		Virtual memory (bytes) snapshot=0
		Total committed heap usage (bytes)=331489280
	Shuffle Errors
		BAD_ID=0
		CONNECTION=0
		IO_ERROR=0
		WRONG_LENGTH=0
		WRONG_MAP=0
		WRONG_REDUCE=0
	File Input Format Counters 
		Bytes Read=529
	File Output Format Counters 
		Bytes Written=29
2015-09-08 13:40:05,293 WARN org.apache.hadoop.util.NativeCodeLoader: Unable to load native-hadoop library for your platform... using builtin-java classes where applicable
2015-09-08 13:40:05,830 INFO org.apache.hadoop.conf.Configuration.deprecation: session.id is deprecated. Instead, use dfs.metrics.session-id
2015-09-08 13:40:05,840 INFO org.apache.hadoop.metrics.jvm.JvmMetrics: Initializing JVM Metrics with processName=JobTracker, sessionId=
2015-09-08 13:40:05,975 WARN org.apache.hadoop.security.UserGroupInformation: PriviledgedActionException as:cloudera (auth:SIMPLE) cause:org.apache.hadoop.mapred.FileAlreadyExistsException: Output directory file:/home/cloudera/workspace/training/output already exists
2015-09-08 13:41:43,034 WARN org.apache.hadoop.util.NativeCodeLoader: Unable to load native-hadoop library for your platform... using builtin-java classes where applicable
2015-09-08 13:41:43,726 INFO org.apache.hadoop.conf.Configuration.deprecation: session.id is deprecated. Instead, use dfs.metrics.session-id
2015-09-08 13:41:43,740 INFO org.apache.hadoop.metrics.jvm.JvmMetrics: Initializing JVM Metrics with processName=JobTracker, sessionId=
2015-09-08 13:41:43,841 WARN org.apache.hadoop.security.UserGroupInformation: PriviledgedActionException as:cloudera (auth:SIMPLE) cause:org.apache.hadoop.mapred.FileAlreadyExistsException: Output directory file:/home/cloudera/workspace/training/output already exists
2015-09-08 13:49:05,054 WARN org.apache.hadoop.util.NativeCodeLoader: Unable to load native-hadoop library for your platform... using builtin-java classes where applicable
2015-09-08 13:49:05,815 INFO org.apache.hadoop.conf.Configuration.deprecation: session.id is deprecated. Instead, use dfs.metrics.session-id
2015-09-08 13:49:05,816 INFO org.apache.hadoop.metrics.jvm.JvmMetrics: Initializing JVM Metrics with processName=JobTracker, sessionId=
2015-09-08 13:49:06,000 WARN org.apache.hadoop.security.UserGroupInformation: PriviledgedActionException as:cloudera (auth:SIMPLE) cause:org.apache.hadoop.mapred.FileAlreadyExistsException: Output directory file:/home/cloudera/workspace/training/output already exists
2015-09-08 13:53:13,371 WARN org.apache.hadoop.util.NativeCodeLoader: Unable to load native-hadoop library for your platform... using builtin-java classes where applicable
2015-09-08 13:53:13,961 INFO org.apache.hadoop.conf.Configuration.deprecation: session.id is deprecated. Instead, use dfs.metrics.session-id
2015-09-08 13:53:13,967 INFO org.apache.hadoop.metrics.jvm.JvmMetrics: Initializing JVM Metrics with processName=JobTracker, sessionId=
2015-09-08 13:53:14,081 WARN org.apache.hadoop.security.UserGroupInformation: PriviledgedActionException as:cloudera (auth:SIMPLE) cause:org.apache.hadoop.mapred.FileAlreadyExistsException: Output directory file:/home/cloudera/workspace/training/output already exists
2015-09-08 13:54:23,261 WARN org.apache.hadoop.util.NativeCodeLoader: Unable to load native-hadoop library for your platform... using builtin-java classes where applicable
2015-09-08 13:54:23,868 INFO org.apache.hadoop.conf.Configuration.deprecation: session.id is deprecated. Instead, use dfs.metrics.session-id
2015-09-08 13:54:23,877 INFO org.apache.hadoop.metrics.jvm.JvmMetrics: Initializing JVM Metrics with processName=JobTracker, sessionId=
2015-09-08 13:54:23,973 WARN org.apache.hadoop.security.UserGroupInformation: PriviledgedActionException as:cloudera (auth:SIMPLE) cause:org.apache.hadoop.mapred.FileAlreadyExistsException: Output directory file:/home/cloudera/workspace/training/output already exists
2015-09-08 13:54:48,023 WARN org.apache.hadoop.util.NativeCodeLoader: Unable to load native-hadoop library for your platform... using builtin-java classes where applicable
2015-09-08 13:54:48,595 INFO org.apache.hadoop.conf.Configuration.deprecation: session.id is deprecated. Instead, use dfs.metrics.session-id
2015-09-08 13:54:48,603 INFO org.apache.hadoop.metrics.jvm.JvmMetrics: Initializing JVM Metrics with processName=JobTracker, sessionId=
2015-09-08 13:54:48,687 WARN org.apache.hadoop.security.UserGroupInformation: PriviledgedActionException as:cloudera (auth:SIMPLE) cause:org.apache.hadoop.mapred.FileAlreadyExistsException: Output directory file:/home/cloudera/workspace/training/output already exists
2015-09-08 13:56:10,811 WARN org.apache.hadoop.util.NativeCodeLoader: Unable to load native-hadoop library for your platform... using builtin-java classes where applicable
2015-09-08 13:56:11,651 INFO org.apache.hadoop.conf.Configuration.deprecation: session.id is deprecated. Instead, use dfs.metrics.session-id
2015-09-08 13:56:11,659 INFO org.apache.hadoop.metrics.jvm.JvmMetrics: Initializing JVM Metrics with processName=JobTracker, sessionId=
2015-09-08 13:56:11,812 WARN org.apache.hadoop.security.UserGroupInformation: PriviledgedActionException as:cloudera (auth:SIMPLE) cause:org.apache.hadoop.mapred.FileAlreadyExistsException: Output directory file:/home/cloudera/workspace/training/output already exists
2015-09-08 13:57:14,394 WARN org.apache.hadoop.util.NativeCodeLoader: Unable to load native-hadoop library for your platform... using builtin-java classes where applicable
2015-09-08 13:57:15,212 INFO org.apache.hadoop.conf.Configuration.deprecation: session.id is deprecated. Instead, use dfs.metrics.session-id
2015-09-08 13:57:15,214 INFO org.apache.hadoop.metrics.jvm.JvmMetrics: Initializing JVM Metrics with processName=JobTracker, sessionId=
2015-09-08 13:57:16,766 WARN org.apache.hadoop.mapreduce.JobSubmitter: Hadoop command-line option parsing not performed. Implement the Tool interface and execute your application with ToolRunner to remedy this.
2015-09-08 13:57:16,782 WARN org.apache.hadoop.mapreduce.JobSubmitter: No job jar file set.  User classes may not be found. See Job or Job#setJar(String).
2015-09-08 13:57:16,813 INFO org.apache.hadoop.mapreduce.lib.input.FileInputFormat: Total input paths to process : 1
2015-09-08 13:57:16,989 INFO org.apache.hadoop.mapreduce.JobSubmitter: number of splits:1
2015-09-08 13:57:17,688 INFO org.apache.hadoop.mapreduce.JobSubmitter: Submitting tokens for job: job_local783115361_0001
2015-09-08 13:57:18,739 INFO org.apache.hadoop.mapreduce.Job: The url to track the job: http://localhost:8080/
2015-09-08 13:57:18,740 INFO org.apache.hadoop.mapreduce.Job: Running job: job_local783115361_0001
2015-09-08 13:57:18,758 INFO org.apache.hadoop.mapred.LocalJobRunner: OutputCommitter set in config null
2015-09-08 13:57:18,794 INFO org.apache.hadoop.mapreduce.lib.output.FileOutputCommitter: File Output Committer Algorithm version is 1
2015-09-08 13:57:18,806 INFO org.apache.hadoop.mapred.LocalJobRunner: OutputCommitter is org.apache.hadoop.mapreduce.lib.output.FileOutputCommitter
2015-09-08 13:57:19,062 INFO org.apache.hadoop.mapred.LocalJobRunner: Waiting for map tasks
2015-09-08 13:57:19,063 INFO org.apache.hadoop.mapred.LocalJobRunner: Starting task: attempt_local783115361_0001_m_000000_0
2015-09-08 13:57:19,229 INFO org.apache.hadoop.mapreduce.lib.output.FileOutputCommitter: File Output Committer Algorithm version is 1
2015-09-08 13:57:19,344 INFO org.apache.hadoop.mapred.Task:  Using ResourceCalculatorProcessTree : [ ]
2015-09-08 13:57:19,364 INFO org.apache.hadoop.mapred.MapTask: Processing split: file:/home/cloudera/workspace/training/input.txt:0+529
2015-09-08 13:57:19,772 INFO org.apache.hadoop.mapreduce.Job: Job job_local783115361_0001 running in uber mode : false
2015-09-08 13:57:19,773 INFO org.apache.hadoop.mapreduce.Job:  map 0% reduce 0%
2015-09-08 13:57:19,843 INFO org.apache.hadoop.mapred.MapTask: (EQUATOR) 0 kvi 26214396(104857584)
2015-09-08 13:57:19,846 INFO org.apache.hadoop.mapred.MapTask: mapreduce.task.io.sort.mb: 100
2015-09-08 13:57:19,847 INFO org.apache.hadoop.mapred.MapTask: soft limit at 83886080
2015-09-08 13:57:19,848 INFO org.apache.hadoop.mapred.MapTask: bufstart = 0; bufvoid = 104857600
2015-09-08 13:57:19,848 INFO org.apache.hadoop.mapred.MapTask: kvstart = 26214396; length = 6553600
2015-09-08 13:57:19,905 INFO org.apache.hadoop.mapred.MapTask: Map output collector class = org.apache.hadoop.mapred.MapTask$MapOutputBuffer
2015-09-08 13:57:19,963 INFO org.apache.hadoop.mapred.LocalJobRunner: 
2015-09-08 13:57:19,967 INFO org.apache.hadoop.mapred.MapTask: Starting flush of map output
2015-09-08 13:57:19,971 INFO org.apache.hadoop.mapred.MapTask: Spilling map output
2015-09-08 13:57:19,972 INFO org.apache.hadoop.mapred.MapTask: bufstart = 0; bufend = 45; bufvoid = 104857600
2015-09-08 13:57:19,972 INFO org.apache.hadoop.mapred.MapTask: kvstart = 26214396(104857584); kvend = 26214380(104857520); length = 17/6553600
2015-09-08 13:57:20,046 INFO org.apache.hadoop.mapred.MapTask: Finished spill 0
2015-09-08 13:57:20,067 INFO org.apache.hadoop.mapred.Task: Task:attempt_local783115361_0001_m_000000_0 is done. And is in the process of committing
2015-09-08 13:57:20,107 INFO org.apache.hadoop.mapred.LocalJobRunner: map
2015-09-08 13:57:20,111 INFO org.apache.hadoop.mapred.Task: Task 'attempt_local783115361_0001_m_000000_0' done.
2015-09-08 13:57:20,111 INFO org.apache.hadoop.mapred.LocalJobRunner: Finishing task: attempt_local783115361_0001_m_000000_0
2015-09-08 13:57:20,112 INFO org.apache.hadoop.mapred.LocalJobRunner: map task executor complete.
2015-09-08 13:57:20,118 INFO org.apache.hadoop.mapred.LocalJobRunner: Waiting for reduce tasks
2015-09-08 13:57:20,119 INFO org.apache.hadoop.mapred.LocalJobRunner: Starting task: attempt_local783115361_0001_r_000000_0
2015-09-08 13:57:20,144 INFO org.apache.hadoop.mapreduce.lib.output.FileOutputCommitter: File Output Committer Algorithm version is 1
2015-09-08 13:57:20,145 INFO org.apache.hadoop.mapred.Task:  Using ResourceCalculatorProcessTree : [ ]
2015-09-08 13:57:20,173 INFO org.apache.hadoop.mapred.ReduceTask: Using ShuffleConsumerPlugin: org.apache.hadoop.mapreduce.task.reduce.Shuffle@7cd88d07
2015-09-08 13:57:20,246 INFO org.apache.hadoop.mapreduce.task.reduce.MergeManagerImpl: MergerManager: memoryLimit=681154944, maxSingleShuffleLimit=170288736, mergeThreshold=449562272, ioSortFactor=10, memToMemMergeOutputsThreshold=10
2015-09-08 13:57:20,279 INFO org.apache.hadoop.mapreduce.task.reduce.EventFetcher: attempt_local783115361_0001_r_000000_0 Thread started: EventFetcher for fetching Map Completion Events
2015-09-08 13:57:20,405 INFO org.apache.hadoop.mapreduce.task.reduce.LocalFetcher: localfetcher#1 about to shuffle output of map attempt_local783115361_0001_m_000000_0 decomp: 57 len: 61 to MEMORY
2015-09-08 13:57:20,428 INFO org.apache.hadoop.mapreduce.task.reduce.InMemoryMapOutput: Read 57 bytes from map-output for attempt_local783115361_0001_m_000000_0
2015-09-08 13:57:20,630 INFO org.apache.hadoop.mapreduce.task.reduce.MergeManagerImpl: closeInMemoryFile -> map-output of size: 57, inMemoryMapOutputs.size() -> 1, commitMemory -> 0, usedMemory ->57
2015-09-08 13:57:20,640 INFO org.apache.hadoop.mapreduce.task.reduce.EventFetcher: EventFetcher is interrupted.. Returning
2015-09-08 13:57:20,645 INFO org.apache.hadoop.mapred.LocalJobRunner: 1 / 1 copied.
2015-09-08 13:57:20,646 INFO org.apache.hadoop.mapreduce.task.reduce.MergeManagerImpl: finalMerge called with 1 in-memory map-outputs and 0 on-disk map-outputs
2015-09-08 13:57:20,663 INFO org.apache.hadoop.mapred.Merger: Merging 1 sorted segments
2015-09-08 13:57:20,669 INFO org.apache.hadoop.mapred.Merger: Down to the last merge-pass, with 1 segments left of total size: 50 bytes
2015-09-08 13:57:20,673 INFO org.apache.hadoop.mapreduce.task.reduce.MergeManagerImpl: Merged 1 segments, 57 bytes to disk to satisfy reduce memory limit
2015-09-08 13:57:20,675 INFO org.apache.hadoop.mapreduce.task.reduce.MergeManagerImpl: Merging 1 files, 61 bytes from disk
2015-09-08 13:57:20,679 INFO org.apache.hadoop.mapreduce.task.reduce.MergeManagerImpl: Merging 0 segments, 0 bytes from memory into reduce
2015-09-08 13:57:20,680 INFO org.apache.hadoop.mapred.Merger: Merging 1 sorted segments
2015-09-08 13:57:20,681 INFO org.apache.hadoop.mapred.Merger: Down to the last merge-pass, with 1 segments left of total size: 50 bytes
2015-09-08 13:57:20,683 INFO org.apache.hadoop.mapred.LocalJobRunner: 1 / 1 copied.
2015-09-08 13:57:20,713 INFO org.apache.hadoop.conf.Configuration.deprecation: mapred.skip.on is deprecated. Instead, use mapreduce.job.skiprecords
2015-09-08 13:57:20,730 INFO org.apache.hadoop.mapred.Task: Task:attempt_local783115361_0001_r_000000_0 is done. And is in the process of committing
2015-09-08 13:57:20,746 INFO org.apache.hadoop.mapred.LocalJobRunner: 1 / 1 copied.
2015-09-08 13:57:20,753 INFO org.apache.hadoop.mapred.Task: Task attempt_local783115361_0001_r_000000_0 is allowed to commit now
2015-09-08 13:57:20,755 INFO org.apache.hadoop.mapreduce.lib.output.FileOutputCommitter: Saved output of task 'attempt_local783115361_0001_r_000000_0' to file:/home/cloudera/workspace/training/output/_temporary/0/task_local783115361_0001_r_000000
2015-09-08 13:57:20,760 INFO org.apache.hadoop.mapred.LocalJobRunner: reduce > reduce
2015-09-08 13:57:20,765 INFO org.apache.hadoop.mapred.Task: Task 'attempt_local783115361_0001_r_000000_0' done.
2015-09-08 13:57:20,766 INFO org.apache.hadoop.mapred.LocalJobRunner: Finishing task: attempt_local783115361_0001_r_000000_0
2015-09-08 13:57:20,767 INFO org.apache.hadoop.mapred.LocalJobRunner: reduce task executor complete.
2015-09-08 13:57:20,780 INFO org.apache.hadoop.mapreduce.Job:  map 100% reduce 100%
2015-09-08 13:57:21,781 INFO org.apache.hadoop.mapreduce.Job: Job job_local783115361_0001 completed successfully
2015-09-08 13:57:21,814 INFO org.apache.hadoop.mapreduce.Job: Counters: 33
	File System Counters
		FILE: Number of bytes read=1550
		FILE: Number of bytes written=518542
		FILE: Number of read operations=0
		FILE: Number of large read operations=0
		FILE: Number of write operations=0
	Map-Reduce Framework
		Map input records=5
		Map output records=5
		Map output bytes=45
		Map output materialized bytes=61
		Input split bytes=113
		Combine input records=0
		Combine output records=0
		Reduce input groups=2
		Reduce shuffle bytes=61
		Reduce input records=5
		Reduce output records=2
		Spilled Records=10
		Shuffled Maps =1
		Failed Shuffles=0
		Merged Map outputs=1
		GC time elapsed (ms)=173
		CPU time spent (ms)=0
		Physical memory (bytes) snapshot=0
		Virtual memory (bytes) snapshot=0
		Total committed heap usage (bytes)=331489280
	Shuffle Errors
		BAD_ID=0
		CONNECTION=0
		IO_ERROR=0
		WRONG_LENGTH=0
		WRONG_MAP=0
		WRONG_REDUCE=0
	File Input Format Counters 
		Bytes Read=529
	File Output Format Counters 
		Bytes Written=29
2015-09-08 14:00:08,544 WARN org.apache.hadoop.util.NativeCodeLoader: Unable to load native-hadoop library for your platform... using builtin-java classes where applicable
2015-09-08 14:00:09,213 INFO org.apache.hadoop.conf.Configuration.deprecation: session.id is deprecated. Instead, use dfs.metrics.session-id
2015-09-08 14:00:09,214 INFO org.apache.hadoop.metrics.jvm.JvmMetrics: Initializing JVM Metrics with processName=JobTracker, sessionId=
2015-09-08 14:00:09,321 WARN org.apache.hadoop.security.UserGroupInformation: PriviledgedActionException as:cloudera (auth:SIMPLE) cause:org.apache.hadoop.mapred.FileAlreadyExistsException: Output directory file:/home/cloudera/workspace/training/output already exists
2015-09-08 14:00:44,450 WARN org.apache.hadoop.util.NativeCodeLoader: Unable to load native-hadoop library for your platform... using builtin-java classes where applicable
2015-09-08 14:00:45,004 INFO org.apache.hadoop.conf.Configuration.deprecation: session.id is deprecated. Instead, use dfs.metrics.session-id
2015-09-08 14:00:45,008 INFO org.apache.hadoop.metrics.jvm.JvmMetrics: Initializing JVM Metrics with processName=JobTracker, sessionId=
2015-09-08 14:00:45,986 WARN org.apache.hadoop.mapreduce.JobSubmitter: Hadoop command-line option parsing not performed. Implement the Tool interface and execute your application with ToolRunner to remedy this.
2015-09-08 14:00:46,007 WARN org.apache.hadoop.mapreduce.JobSubmitter: No job jar file set.  User classes may not be found. See Job or Job#setJar(String).
2015-09-08 14:00:46,048 INFO org.apache.hadoop.mapreduce.lib.input.FileInputFormat: Total input paths to process : 1
2015-09-08 14:00:46,182 INFO org.apache.hadoop.mapreduce.JobSubmitter: number of splits:1
2015-09-08 14:00:46,639 INFO org.apache.hadoop.mapreduce.JobSubmitter: Submitting tokens for job: job_local603973379_0001
2015-09-08 14:00:47,318 INFO org.apache.hadoop.mapreduce.Job: The url to track the job: http://localhost:8080/
2015-09-08 14:00:47,319 INFO org.apache.hadoop.mapreduce.Job: Running job: job_local603973379_0001
2015-09-08 14:00:47,321 INFO org.apache.hadoop.mapred.LocalJobRunner: OutputCommitter set in config null
2015-09-08 14:00:47,345 INFO org.apache.hadoop.mapreduce.lib.output.FileOutputCommitter: File Output Committer Algorithm version is 1
2015-09-08 14:00:47,359 INFO org.apache.hadoop.mapred.LocalJobRunner: OutputCommitter is org.apache.hadoop.mapreduce.lib.output.FileOutputCommitter
2015-09-08 14:00:47,537 INFO org.apache.hadoop.mapred.LocalJobRunner: Waiting for map tasks
2015-09-08 14:00:47,538 INFO org.apache.hadoop.mapred.LocalJobRunner: Starting task: attempt_local603973379_0001_m_000000_0
2015-09-08 14:00:47,641 INFO org.apache.hadoop.mapreduce.lib.output.FileOutputCommitter: File Output Committer Algorithm version is 1
2015-09-08 14:00:47,696 INFO org.apache.hadoop.mapred.Task:  Using ResourceCalculatorProcessTree : [ ]
2015-09-08 14:00:47,699 INFO org.apache.hadoop.mapred.MapTask: Processing split: file:/home/cloudera/workspace/training/input.txt:0+529
2015-09-08 14:00:48,331 INFO org.apache.hadoop.mapreduce.Job: Job job_local603973379_0001 running in uber mode : false
2015-09-08 14:00:48,336 INFO org.apache.hadoop.mapreduce.Job:  map 0% reduce 0%
2015-09-08 14:00:48,638 INFO org.apache.hadoop.mapred.MapTask: (EQUATOR) 0 kvi 26214396(104857584)
2015-09-08 14:00:48,645 INFO org.apache.hadoop.mapred.MapTask: mapreduce.task.io.sort.mb: 100
2015-09-08 14:00:48,646 INFO org.apache.hadoop.mapred.MapTask: soft limit at 83886080
2015-09-08 14:00:48,646 INFO org.apache.hadoop.mapred.MapTask: bufstart = 0; bufvoid = 104857600
2015-09-08 14:00:48,647 INFO org.apache.hadoop.mapred.MapTask: kvstart = 26214396; length = 6553600
2015-09-08 14:00:48,662 INFO org.apache.hadoop.mapred.MapTask: Map output collector class = org.apache.hadoop.mapred.MapTask$MapOutputBuffer
2015-09-08 14:00:48,678 INFO org.apache.hadoop.mapred.LocalJobRunner: 
2015-09-08 14:00:48,682 INFO org.apache.hadoop.mapred.MapTask: Starting flush of map output
2015-09-08 14:00:48,683 INFO org.apache.hadoop.mapred.MapTask: Spilling map output
2015-09-08 14:00:48,684 INFO org.apache.hadoop.mapred.MapTask: bufstart = 0; bufend = 45; bufvoid = 104857600
2015-09-08 14:00:48,684 INFO org.apache.hadoop.mapred.MapTask: kvstart = 26214396(104857584); kvend = 26214380(104857520); length = 17/6553600
2015-09-08 14:00:48,711 INFO org.apache.hadoop.mapred.MapTask: Finished spill 0
2015-09-08 14:00:48,719 INFO org.apache.hadoop.mapred.Task: Task:attempt_local603973379_0001_m_000000_0 is done. And is in the process of committing
2015-09-08 14:00:48,740 INFO org.apache.hadoop.mapred.LocalJobRunner: map
2015-09-08 14:00:48,749 INFO org.apache.hadoop.mapred.Task: Task 'attempt_local603973379_0001_m_000000_0' done.
2015-09-08 14:00:48,750 INFO org.apache.hadoop.mapred.LocalJobRunner: Finishing task: attempt_local603973379_0001_m_000000_0
2015-09-08 14:00:48,750 INFO org.apache.hadoop.mapred.LocalJobRunner: map task executor complete.
2015-09-08 14:00:48,755 INFO org.apache.hadoop.mapred.LocalJobRunner: Waiting for reduce tasks
2015-09-08 14:00:48,755 INFO org.apache.hadoop.mapred.LocalJobRunner: Starting task: attempt_local603973379_0001_r_000000_0
2015-09-08 14:00:48,782 INFO org.apache.hadoop.mapreduce.lib.output.FileOutputCommitter: File Output Committer Algorithm version is 1
2015-09-08 14:00:48,782 INFO org.apache.hadoop.mapred.Task:  Using ResourceCalculatorProcessTree : [ ]
2015-09-08 14:00:48,787 INFO org.apache.hadoop.mapred.ReduceTask: Using ShuffleConsumerPlugin: org.apache.hadoop.mapreduce.task.reduce.Shuffle@552d7308
2015-09-08 14:00:48,834 INFO org.apache.hadoop.mapreduce.task.reduce.MergeManagerImpl: MergerManager: memoryLimit=681154944, maxSingleShuffleLimit=170288736, mergeThreshold=449562272, ioSortFactor=10, memToMemMergeOutputsThreshold=10
2015-09-08 14:00:48,855 INFO org.apache.hadoop.mapreduce.task.reduce.EventFetcher: attempt_local603973379_0001_r_000000_0 Thread started: EventFetcher for fetching Map Completion Events
2015-09-08 14:00:48,925 INFO org.apache.hadoop.mapreduce.task.reduce.LocalFetcher: localfetcher#1 about to shuffle output of map attempt_local603973379_0001_m_000000_0 decomp: 57 len: 61 to MEMORY
2015-09-08 14:00:48,942 INFO org.apache.hadoop.mapreduce.task.reduce.InMemoryMapOutput: Read 57 bytes from map-output for attempt_local603973379_0001_m_000000_0
2015-09-08 14:00:49,024 INFO org.apache.hadoop.mapreduce.task.reduce.MergeManagerImpl: closeInMemoryFile -> map-output of size: 57, inMemoryMapOutputs.size() -> 1, commitMemory -> 0, usedMemory ->57
2015-09-08 14:00:49,035 INFO org.apache.hadoop.mapreduce.task.reduce.EventFetcher: EventFetcher is interrupted.. Returning
2015-09-08 14:00:49,036 INFO org.apache.hadoop.mapred.LocalJobRunner: 1 / 1 copied.
2015-09-08 14:00:49,037 INFO org.apache.hadoop.mapreduce.task.reduce.MergeManagerImpl: finalMerge called with 1 in-memory map-outputs and 0 on-disk map-outputs
2015-09-08 14:00:49,048 INFO org.apache.hadoop.mapred.Merger: Merging 1 sorted segments
2015-09-08 14:00:49,050 INFO org.apache.hadoop.mapred.Merger: Down to the last merge-pass, with 1 segments left of total size: 50 bytes
2015-09-08 14:00:49,055 INFO org.apache.hadoop.mapreduce.task.reduce.MergeManagerImpl: Merged 1 segments, 57 bytes to disk to satisfy reduce memory limit
2015-09-08 14:00:49,056 INFO org.apache.hadoop.mapreduce.task.reduce.MergeManagerImpl: Merging 1 files, 61 bytes from disk
2015-09-08 14:00:49,059 INFO org.apache.hadoop.mapreduce.task.reduce.MergeManagerImpl: Merging 0 segments, 0 bytes from memory into reduce
2015-09-08 14:00:49,060 INFO org.apache.hadoop.mapred.Merger: Merging 1 sorted segments
2015-09-08 14:00:49,062 INFO org.apache.hadoop.mapred.Merger: Down to the last merge-pass, with 1 segments left of total size: 50 bytes
2015-09-08 14:00:49,065 INFO org.apache.hadoop.mapred.LocalJobRunner: 1 / 1 copied.
2015-09-08 14:00:49,086 INFO org.apache.hadoop.conf.Configuration.deprecation: mapred.skip.on is deprecated. Instead, use mapreduce.job.skiprecords
2015-09-08 14:00:49,094 INFO org.apache.hadoop.mapred.Task: Task:attempt_local603973379_0001_r_000000_0 is done. And is in the process of committing
2015-09-08 14:00:49,105 INFO org.apache.hadoop.mapred.LocalJobRunner: 1 / 1 copied.
2015-09-08 14:00:49,106 INFO org.apache.hadoop.mapred.Task: Task attempt_local603973379_0001_r_000000_0 is allowed to commit now
2015-09-08 14:00:49,110 INFO org.apache.hadoop.mapreduce.lib.output.FileOutputCommitter: Saved output of task 'attempt_local603973379_0001_r_000000_0' to file:/home/cloudera/workspace/training/output/_temporary/0/task_local603973379_0001_r_000000
2015-09-08 14:00:49,114 INFO org.apache.hadoop.mapred.LocalJobRunner: reduce > reduce
2015-09-08 14:00:49,116 INFO org.apache.hadoop.mapred.Task: Task 'attempt_local603973379_0001_r_000000_0' done.
2015-09-08 14:00:49,119 INFO org.apache.hadoop.mapred.LocalJobRunner: Finishing task: attempt_local603973379_0001_r_000000_0
2015-09-08 14:00:49,120 INFO org.apache.hadoop.mapred.LocalJobRunner: reduce task executor complete.
2015-09-08 14:00:49,356 INFO org.apache.hadoop.mapreduce.Job:  map 100% reduce 100%
2015-09-08 14:00:49,356 INFO org.apache.hadoop.mapreduce.Job: Job job_local603973379_0001 completed successfully
2015-09-08 14:00:49,377 INFO org.apache.hadoop.mapreduce.Job: Counters: 33
	File System Counters
		FILE: Number of bytes read=1550
		FILE: Number of bytes written=518542
		FILE: Number of read operations=0
		FILE: Number of large read operations=0
		FILE: Number of write operations=0
	Map-Reduce Framework
		Map input records=5
		Map output records=5
		Map output bytes=45
		Map output materialized bytes=61
		Input split bytes=113
		Combine input records=0
		Combine output records=0
		Reduce input groups=2
		Reduce shuffle bytes=61
		Reduce input records=5
		Reduce output records=2
		Spilled Records=10
		Shuffled Maps =1
		Failed Shuffles=0
		Merged Map outputs=1
		GC time elapsed (ms)=73
		CPU time spent (ms)=0
		Physical memory (bytes) snapshot=0
		Virtual memory (bytes) snapshot=0
		Total committed heap usage (bytes)=331489280
	Shuffle Errors
		BAD_ID=0
		CONNECTION=0
		IO_ERROR=0
		WRONG_LENGTH=0
		WRONG_MAP=0
		WRONG_REDUCE=0
	File Input Format Counters 
		Bytes Read=529
	File Output Format Counters 
		Bytes Written=29
